<?xml version="1.0" encoding="UTF-8"?>
<testsuite xmlns:xsi="http://www.w3.org/2001/XMLSchema-instance" xsi:noNamespaceSchemaLocation="https://maven.apache.org/surefire/maven-surefire-plugin/xsd/surefire-test-report.xsd" name="com.ssafy.CommuntripApplicationTests" time="4.297" tests="1" errors="0" skipped="0" failures="0">
  <properties>
    <property name="gopherProxySet" value="false"/>
    <property name="awt.toolkit" value="sun.lwawt.macosx.LWCToolkit"/>
    <property name="java.specification.version" value="11"/>
    <property name="sun.cpu.isalist" value=""/>
    <property name="sun.jnu.encoding" value="UTF-8"/>
    <property name="java.class.path" value="/Users/daehwa/Documents/git-repo/pjt_daejeon_9th_class5_final_team01/back-end/target/test-classes:/Users/daehwa/Documents/git-repo/pjt_daejeon_9th_class5_final_team01/back-end/target/classes:/Users/daehwa/.m2/repository/org/springframework/boot/spring-boot-starter-web/2.7.11/spring-boot-starter-web-2.7.11.jar:/Users/daehwa/.m2/repository/org/springframework/boot/spring-boot-starter/2.7.11/spring-boot-starter-2.7.11.jar:/Users/daehwa/.m2/repository/org/springframework/boot/spring-boot-starter-logging/2.7.11/spring-boot-starter-logging-2.7.11.jar:/Users/daehwa/.m2/repository/ch/qos/logback/logback-classic/1.2.12/logback-classic-1.2.12.jar:/Users/daehwa/.m2/repository/ch/qos/logback/logback-core/1.2.12/logback-core-1.2.12.jar:/Users/daehwa/.m2/repository/org/apache/logging/log4j/log4j-to-slf4j/2.17.2/log4j-to-slf4j-2.17.2.jar:/Users/daehwa/.m2/repository/org/apache/logging/log4j/log4j-api/2.17.2/log4j-api-2.17.2.jar:/Users/daehwa/.m2/repository/org/slf4j/jul-to-slf4j/1.7.36/jul-to-slf4j-1.7.36.jar:/Users/daehwa/.m2/repository/jakarta/annotation/jakarta.annotation-api/1.3.5/jakarta.annotation-api-1.3.5.jar:/Users/daehwa/.m2/repository/org/yaml/snakeyaml/1.30/snakeyaml-1.30.jar:/Users/daehwa/.m2/repository/org/springframework/boot/spring-boot-starter-json/2.7.11/spring-boot-starter-json-2.7.11.jar:/Users/daehwa/.m2/repository/com/fasterxml/jackson/datatype/jackson-datatype-jdk8/2.13.5/jackson-datatype-jdk8-2.13.5.jar:/Users/daehwa/.m2/repository/com/fasterxml/jackson/datatype/jackson-datatype-jsr310/2.13.5/jackson-datatype-jsr310-2.13.5.jar:/Users/daehwa/.m2/repository/com/fasterxml/jackson/module/jackson-module-parameter-names/2.13.5/jackson-module-parameter-names-2.13.5.jar:/Users/daehwa/.m2/repository/org/springframework/boot/spring-boot-starter-tomcat/2.7.11/spring-boot-starter-tomcat-2.7.11.jar:/Users/daehwa/.m2/repository/org/apache/tomcat/embed/tomcat-embed-core/9.0.74/tomcat-embed-core-9.0.74.jar:/Users/daehwa/.m2/repository/org/apache/tomcat/embed/tomcat-embed-el/9.0.74/tomcat-embed-el-9.0.74.jar:/Users/daehwa/.m2/repository/org/apache/tomcat/embed/tomcat-embed-websocket/9.0.74/tomcat-embed-websocket-9.0.74.jar:/Users/daehwa/.m2/repository/org/springframework/spring-web/5.3.27/spring-web-5.3.27.jar:/Users/daehwa/.m2/repository/org/springframework/spring-beans/5.3.27/spring-beans-5.3.27.jar:/Users/daehwa/.m2/repository/org/springframework/spring-webmvc/5.3.27/spring-webmvc-5.3.27.jar:/Users/daehwa/.m2/repository/org/springframework/spring-aop/5.3.27/spring-aop-5.3.27.jar:/Users/daehwa/.m2/repository/org/springframework/spring-context/5.3.27/spring-context-5.3.27.jar:/Users/daehwa/.m2/repository/org/springframework/spring-expression/5.3.27/spring-expression-5.3.27.jar:/Users/daehwa/.m2/repository/org/springframework/boot/spring-boot-starter-web-services/2.7.11/spring-boot-starter-web-services-2.7.11.jar:/Users/daehwa/.m2/repository/com/sun/xml/messaging/saaj/saaj-impl/1.5.3/saaj-impl-1.5.3.jar:/Users/daehwa/.m2/repository/jakarta/xml/soap/jakarta.xml.soap-api/1.4.2/jakarta.xml.soap-api-1.4.2.jar:/Users/daehwa/.m2/repository/org/jvnet/staxex/stax-ex/1.8.3/stax-ex-1.8.3.jar:/Users/daehwa/.m2/repository/com/sun/activation/jakarta.activation/1.2.2/jakarta.activation-1.2.2.jar:/Users/daehwa/.m2/repository/jakarta/xml/ws/jakarta.xml.ws-api/2.3.3/jakarta.xml.ws-api-2.3.3.jar:/Users/daehwa/.m2/repository/jakarta/jws/jakarta.jws-api/2.1.0/jakarta.jws-api-2.1.0.jar:/Users/daehwa/.m2/repository/org/springframework/spring-oxm/5.3.27/spring-oxm-5.3.27.jar:/Users/daehwa/.m2/repository/org/springframework/ws/spring-ws-core/3.1.6/spring-ws-core-3.1.6.jar:/Users/daehwa/.m2/repository/org/springframework/ws/spring-xml/3.1.6/spring-xml-3.1.6.jar:/Users/daehwa/.m2/repository/org/mybatis/spring/boot/mybatis-spring-boot-starter/2.3.0/mybatis-spring-boot-starter-2.3.0.jar:/Users/daehwa/.m2/repository/org/springframework/boot/spring-boot-starter-jdbc/2.7.11/spring-boot-starter-jdbc-2.7.11.jar:/Users/daehwa/.m2/repository/com/zaxxer/HikariCP/4.0.3/HikariCP-4.0.3.jar:/Users/daehwa/.m2/repository/org/springframework/spring-jdbc/5.3.27/spring-jdbc-5.3.27.jar:/Users/daehwa/.m2/repository/org/springframework/spring-tx/5.3.27/spring-tx-5.3.27.jar:/Users/daehwa/.m2/repository/org/mybatis/spring/boot/mybatis-spring-boot-autoconfigure/2.3.0/mybatis-spring-boot-autoconfigure-2.3.0.jar:/Users/daehwa/.m2/repository/org/mybatis/mybatis/3.5.11/mybatis-3.5.11.jar:/Users/daehwa/.m2/repository/org/mybatis/mybatis-spring/2.1.0/mybatis-spring-2.1.0.jar:/Users/daehwa/.m2/repository/org/springframework/boot/spring-boot-devtools/2.7.11/spring-boot-devtools-2.7.11.jar:/Users/daehwa/.m2/repository/org/springframework/boot/spring-boot/2.7.11/spring-boot-2.7.11.jar:/Users/daehwa/.m2/repository/org/springframework/boot/spring-boot-autoconfigure/2.7.11/spring-boot-autoconfigure-2.7.11.jar:/Users/daehwa/.m2/repository/com/mysql/mysql-connector-j/8.0.33/mysql-connector-j-8.0.33.jar:/Users/daehwa/.m2/repository/org/springframework/boot/spring-boot-starter-test/2.7.11/spring-boot-starter-test-2.7.11.jar:/Users/daehwa/.m2/repository/org/springframework/boot/spring-boot-test/2.7.11/spring-boot-test-2.7.11.jar:/Users/daehwa/.m2/repository/org/springframework/boot/spring-boot-test-autoconfigure/2.7.11/spring-boot-test-autoconfigure-2.7.11.jar:/Users/daehwa/.m2/repository/com/jayway/jsonpath/json-path/2.7.0/json-path-2.7.0.jar:/Users/daehwa/.m2/repository/net/minidev/json-smart/2.4.10/json-smart-2.4.10.jar:/Users/daehwa/.m2/repository/net/minidev/accessors-smart/2.4.9/accessors-smart-2.4.9.jar:/Users/daehwa/.m2/repository/org/ow2/asm/asm/9.3/asm-9.3.jar:/Users/daehwa/.m2/repository/org/slf4j/slf4j-api/1.7.36/slf4j-api-1.7.36.jar:/Users/daehwa/.m2/repository/jakarta/xml/bind/jakarta.xml.bind-api/2.3.3/jakarta.xml.bind-api-2.3.3.jar:/Users/daehwa/.m2/repository/jakarta/activation/jakarta.activation-api/1.2.2/jakarta.activation-api-1.2.2.jar:/Users/daehwa/.m2/repository/org/assertj/assertj-core/3.22.0/assertj-core-3.22.0.jar:/Users/daehwa/.m2/repository/org/hamcrest/hamcrest/2.2/hamcrest-2.2.jar:/Users/daehwa/.m2/repository/org/junit/jupiter/junit-jupiter/5.8.2/junit-jupiter-5.8.2.jar:/Users/daehwa/.m2/repository/org/junit/jupiter/junit-jupiter-api/5.8.2/junit-jupiter-api-5.8.2.jar:/Users/daehwa/.m2/repository/org/opentest4j/opentest4j/1.2.0/opentest4j-1.2.0.jar:/Users/daehwa/.m2/repository/org/junit/platform/junit-platform-commons/1.8.2/junit-platform-commons-1.8.2.jar:/Users/daehwa/.m2/repository/org/apiguardian/apiguardian-api/1.1.2/apiguardian-api-1.1.2.jar:/Users/daehwa/.m2/repository/org/junit/jupiter/junit-jupiter-params/5.8.2/junit-jupiter-params-5.8.2.jar:/Users/daehwa/.m2/repository/org/junit/jupiter/junit-jupiter-engine/5.8.2/junit-jupiter-engine-5.8.2.jar:/Users/daehwa/.m2/repository/org/junit/platform/junit-platform-engine/1.8.2/junit-platform-engine-1.8.2.jar:/Users/daehwa/.m2/repository/org/mockito/mockito-core/4.5.1/mockito-core-4.5.1.jar:/Users/daehwa/.m2/repository/net/bytebuddy/byte-buddy/1.12.23/byte-buddy-1.12.23.jar:/Users/daehwa/.m2/repository/net/bytebuddy/byte-buddy-agent/1.12.23/byte-buddy-agent-1.12.23.jar:/Users/daehwa/.m2/repository/org/objenesis/objenesis/3.2/objenesis-3.2.jar:/Users/daehwa/.m2/repository/org/mockito/mockito-junit-jupiter/4.5.1/mockito-junit-jupiter-4.5.1.jar:/Users/daehwa/.m2/repository/org/skyscreamer/jsonassert/1.5.1/jsonassert-1.5.1.jar:/Users/daehwa/.m2/repository/com/vaadin/external/google/android-json/0.0.20131108.vaadin1/android-json-0.0.20131108.vaadin1.jar:/Users/daehwa/.m2/repository/org/springframework/spring-core/5.3.27/spring-core-5.3.27.jar:/Users/daehwa/.m2/repository/org/springframework/spring-jcl/5.3.27/spring-jcl-5.3.27.jar:/Users/daehwa/.m2/repository/org/springframework/spring-test/5.3.27/spring-test-5.3.27.jar:/Users/daehwa/.m2/repository/org/xmlunit/xmlunit-core/2.9.1/xmlunit-core-2.9.1.jar:/Users/daehwa/.m2/repository/io/jsonwebtoken/jjwt/0.9.1/jjwt-0.9.1.jar:/Users/daehwa/.m2/repository/com/fasterxml/jackson/core/jackson-databind/2.13.5/jackson-databind-2.13.5.jar:/Users/daehwa/.m2/repository/com/fasterxml/jackson/core/jackson-annotations/2.13.5/jackson-annotations-2.13.5.jar:/Users/daehwa/.m2/repository/com/fasterxml/jackson/core/jackson-core/2.13.5/jackson-core-2.13.5.jar:"/>
    <property name="java.vm.vendor" value="Azul Systems, Inc."/>
    <property name="sun.arch.data.model" value="64"/>
    <property name="java.vendor.url" value="http://www.azul.com/"/>
    <property name="user.timezone" value=""/>
    <property name="java.vm.specification.version" value="11"/>
    <property name="os.name" value="Mac OS X"/>
    <property name="sun.java.launcher" value="SUN_STANDARD"/>
    <property name="user.country" value="KR"/>
    <property name="sun.boot.library.path" value="/Library/Java/JavaVirtualMachines/zulu-11-x86.jdk/Contents/Home/lib"/>
    <property name="sun.java.command" value="/Users/daehwa/Documents/git-repo/pjt_daejeon_9th_class5_final_team01/back-end/target/surefire/surefirebooter14195574795990407176.jar /Users/daehwa/Documents/git-repo/pjt_daejeon_9th_class5_final_team01/back-end/target/surefire 2023-06-24T16-36-15_908-jvmRun1 surefire13186133181825640622tmp surefire_07768179309531135803tmp"/>
    <property name="http.nonProxyHosts" value="local|*.local|169.254/16|*.169.254/16"/>
    <property name="jdk.debug" value="release"/>
    <property name="surefire.test.class.path" value="/Users/daehwa/Documents/git-repo/pjt_daejeon_9th_class5_final_team01/back-end/target/test-classes:/Users/daehwa/Documents/git-repo/pjt_daejeon_9th_class5_final_team01/back-end/target/classes:/Users/daehwa/.m2/repository/org/springframework/boot/spring-boot-starter-web/2.7.11/spring-boot-starter-web-2.7.11.jar:/Users/daehwa/.m2/repository/org/springframework/boot/spring-boot-starter/2.7.11/spring-boot-starter-2.7.11.jar:/Users/daehwa/.m2/repository/org/springframework/boot/spring-boot-starter-logging/2.7.11/spring-boot-starter-logging-2.7.11.jar:/Users/daehwa/.m2/repository/ch/qos/logback/logback-classic/1.2.12/logback-classic-1.2.12.jar:/Users/daehwa/.m2/repository/ch/qos/logback/logback-core/1.2.12/logback-core-1.2.12.jar:/Users/daehwa/.m2/repository/org/apache/logging/log4j/log4j-to-slf4j/2.17.2/log4j-to-slf4j-2.17.2.jar:/Users/daehwa/.m2/repository/org/apache/logging/log4j/log4j-api/2.17.2/log4j-api-2.17.2.jar:/Users/daehwa/.m2/repository/org/slf4j/jul-to-slf4j/1.7.36/jul-to-slf4j-1.7.36.jar:/Users/daehwa/.m2/repository/jakarta/annotation/jakarta.annotation-api/1.3.5/jakarta.annotation-api-1.3.5.jar:/Users/daehwa/.m2/repository/org/yaml/snakeyaml/1.30/snakeyaml-1.30.jar:/Users/daehwa/.m2/repository/org/springframework/boot/spring-boot-starter-json/2.7.11/spring-boot-starter-json-2.7.11.jar:/Users/daehwa/.m2/repository/com/fasterxml/jackson/datatype/jackson-datatype-jdk8/2.13.5/jackson-datatype-jdk8-2.13.5.jar:/Users/daehwa/.m2/repository/com/fasterxml/jackson/datatype/jackson-datatype-jsr310/2.13.5/jackson-datatype-jsr310-2.13.5.jar:/Users/daehwa/.m2/repository/com/fasterxml/jackson/module/jackson-module-parameter-names/2.13.5/jackson-module-parameter-names-2.13.5.jar:/Users/daehwa/.m2/repository/org/springframework/boot/spring-boot-starter-tomcat/2.7.11/spring-boot-starter-tomcat-2.7.11.jar:/Users/daehwa/.m2/repository/org/apache/tomcat/embed/tomcat-embed-core/9.0.74/tomcat-embed-core-9.0.74.jar:/Users/daehwa/.m2/repository/org/apache/tomcat/embed/tomcat-embed-el/9.0.74/tomcat-embed-el-9.0.74.jar:/Users/daehwa/.m2/repository/org/apache/tomcat/embed/tomcat-embed-websocket/9.0.74/tomcat-embed-websocket-9.0.74.jar:/Users/daehwa/.m2/repository/org/springframework/spring-web/5.3.27/spring-web-5.3.27.jar:/Users/daehwa/.m2/repository/org/springframework/spring-beans/5.3.27/spring-beans-5.3.27.jar:/Users/daehwa/.m2/repository/org/springframework/spring-webmvc/5.3.27/spring-webmvc-5.3.27.jar:/Users/daehwa/.m2/repository/org/springframework/spring-aop/5.3.27/spring-aop-5.3.27.jar:/Users/daehwa/.m2/repository/org/springframework/spring-context/5.3.27/spring-context-5.3.27.jar:/Users/daehwa/.m2/repository/org/springframework/spring-expression/5.3.27/spring-expression-5.3.27.jar:/Users/daehwa/.m2/repository/org/springframework/boot/spring-boot-starter-web-services/2.7.11/spring-boot-starter-web-services-2.7.11.jar:/Users/daehwa/.m2/repository/com/sun/xml/messaging/saaj/saaj-impl/1.5.3/saaj-impl-1.5.3.jar:/Users/daehwa/.m2/repository/jakarta/xml/soap/jakarta.xml.soap-api/1.4.2/jakarta.xml.soap-api-1.4.2.jar:/Users/daehwa/.m2/repository/org/jvnet/staxex/stax-ex/1.8.3/stax-ex-1.8.3.jar:/Users/daehwa/.m2/repository/com/sun/activation/jakarta.activation/1.2.2/jakarta.activation-1.2.2.jar:/Users/daehwa/.m2/repository/jakarta/xml/ws/jakarta.xml.ws-api/2.3.3/jakarta.xml.ws-api-2.3.3.jar:/Users/daehwa/.m2/repository/jakarta/jws/jakarta.jws-api/2.1.0/jakarta.jws-api-2.1.0.jar:/Users/daehwa/.m2/repository/org/springframework/spring-oxm/5.3.27/spring-oxm-5.3.27.jar:/Users/daehwa/.m2/repository/org/springframework/ws/spring-ws-core/3.1.6/spring-ws-core-3.1.6.jar:/Users/daehwa/.m2/repository/org/springframework/ws/spring-xml/3.1.6/spring-xml-3.1.6.jar:/Users/daehwa/.m2/repository/org/mybatis/spring/boot/mybatis-spring-boot-starter/2.3.0/mybatis-spring-boot-starter-2.3.0.jar:/Users/daehwa/.m2/repository/org/springframework/boot/spring-boot-starter-jdbc/2.7.11/spring-boot-starter-jdbc-2.7.11.jar:/Users/daehwa/.m2/repository/com/zaxxer/HikariCP/4.0.3/HikariCP-4.0.3.jar:/Users/daehwa/.m2/repository/org/springframework/spring-jdbc/5.3.27/spring-jdbc-5.3.27.jar:/Users/daehwa/.m2/repository/org/springframework/spring-tx/5.3.27/spring-tx-5.3.27.jar:/Users/daehwa/.m2/repository/org/mybatis/spring/boot/mybatis-spring-boot-autoconfigure/2.3.0/mybatis-spring-boot-autoconfigure-2.3.0.jar:/Users/daehwa/.m2/repository/org/mybatis/mybatis/3.5.11/mybatis-3.5.11.jar:/Users/daehwa/.m2/repository/org/mybatis/mybatis-spring/2.1.0/mybatis-spring-2.1.0.jar:/Users/daehwa/.m2/repository/org/springframework/boot/spring-boot-devtools/2.7.11/spring-boot-devtools-2.7.11.jar:/Users/daehwa/.m2/repository/org/springframework/boot/spring-boot/2.7.11/spring-boot-2.7.11.jar:/Users/daehwa/.m2/repository/org/springframework/boot/spring-boot-autoconfigure/2.7.11/spring-boot-autoconfigure-2.7.11.jar:/Users/daehwa/.m2/repository/com/mysql/mysql-connector-j/8.0.33/mysql-connector-j-8.0.33.jar:/Users/daehwa/.m2/repository/org/springframework/boot/spring-boot-starter-test/2.7.11/spring-boot-starter-test-2.7.11.jar:/Users/daehwa/.m2/repository/org/springframework/boot/spring-boot-test/2.7.11/spring-boot-test-2.7.11.jar:/Users/daehwa/.m2/repository/org/springframework/boot/spring-boot-test-autoconfigure/2.7.11/spring-boot-test-autoconfigure-2.7.11.jar:/Users/daehwa/.m2/repository/com/jayway/jsonpath/json-path/2.7.0/json-path-2.7.0.jar:/Users/daehwa/.m2/repository/net/minidev/json-smart/2.4.10/json-smart-2.4.10.jar:/Users/daehwa/.m2/repository/net/minidev/accessors-smart/2.4.9/accessors-smart-2.4.9.jar:/Users/daehwa/.m2/repository/org/ow2/asm/asm/9.3/asm-9.3.jar:/Users/daehwa/.m2/repository/org/slf4j/slf4j-api/1.7.36/slf4j-api-1.7.36.jar:/Users/daehwa/.m2/repository/jakarta/xml/bind/jakarta.xml.bind-api/2.3.3/jakarta.xml.bind-api-2.3.3.jar:/Users/daehwa/.m2/repository/jakarta/activation/jakarta.activation-api/1.2.2/jakarta.activation-api-1.2.2.jar:/Users/daehwa/.m2/repository/org/assertj/assertj-core/3.22.0/assertj-core-3.22.0.jar:/Users/daehwa/.m2/repository/org/hamcrest/hamcrest/2.2/hamcrest-2.2.jar:/Users/daehwa/.m2/repository/org/junit/jupiter/junit-jupiter/5.8.2/junit-jupiter-5.8.2.jar:/Users/daehwa/.m2/repository/org/junit/jupiter/junit-jupiter-api/5.8.2/junit-jupiter-api-5.8.2.jar:/Users/daehwa/.m2/repository/org/opentest4j/opentest4j/1.2.0/opentest4j-1.2.0.jar:/Users/daehwa/.m2/repository/org/junit/platform/junit-platform-commons/1.8.2/junit-platform-commons-1.8.2.jar:/Users/daehwa/.m2/repository/org/apiguardian/apiguardian-api/1.1.2/apiguardian-api-1.1.2.jar:/Users/daehwa/.m2/repository/org/junit/jupiter/junit-jupiter-params/5.8.2/junit-jupiter-params-5.8.2.jar:/Users/daehwa/.m2/repository/org/junit/jupiter/junit-jupiter-engine/5.8.2/junit-jupiter-engine-5.8.2.jar:/Users/daehwa/.m2/repository/org/junit/platform/junit-platform-engine/1.8.2/junit-platform-engine-1.8.2.jar:/Users/daehwa/.m2/repository/org/mockito/mockito-core/4.5.1/mockito-core-4.5.1.jar:/Users/daehwa/.m2/repository/net/bytebuddy/byte-buddy/1.12.23/byte-buddy-1.12.23.jar:/Users/daehwa/.m2/repository/net/bytebuddy/byte-buddy-agent/1.12.23/byte-buddy-agent-1.12.23.jar:/Users/daehwa/.m2/repository/org/objenesis/objenesis/3.2/objenesis-3.2.jar:/Users/daehwa/.m2/repository/org/mockito/mockito-junit-jupiter/4.5.1/mockito-junit-jupiter-4.5.1.jar:/Users/daehwa/.m2/repository/org/skyscreamer/jsonassert/1.5.1/jsonassert-1.5.1.jar:/Users/daehwa/.m2/repository/com/vaadin/external/google/android-json/0.0.20131108.vaadin1/android-json-0.0.20131108.vaadin1.jar:/Users/daehwa/.m2/repository/org/springframework/spring-core/5.3.27/spring-core-5.3.27.jar:/Users/daehwa/.m2/repository/org/springframework/spring-jcl/5.3.27/spring-jcl-5.3.27.jar:/Users/daehwa/.m2/repository/org/springframework/spring-test/5.3.27/spring-test-5.3.27.jar:/Users/daehwa/.m2/repository/org/xmlunit/xmlunit-core/2.9.1/xmlunit-core-2.9.1.jar:/Users/daehwa/.m2/repository/io/jsonwebtoken/jjwt/0.9.1/jjwt-0.9.1.jar:/Users/daehwa/.m2/repository/com/fasterxml/jackson/core/jackson-databind/2.13.5/jackson-databind-2.13.5.jar:/Users/daehwa/.m2/repository/com/fasterxml/jackson/core/jackson-annotations/2.13.5/jackson-annotations-2.13.5.jar:/Users/daehwa/.m2/repository/com/fasterxml/jackson/core/jackson-core/2.13.5/jackson-core-2.13.5.jar:"/>
    <property name="sun.cpu.endian" value="little"/>
    <property name="user.home" value="/Users/daehwa"/>
    <property name="user.language" value="ko"/>
    <property name="java.specification.vendor" value="Oracle Corporation"/>
    <property name="java.version.date" value="2023-04-18"/>
    <property name="java.home" value="/Library/Java/JavaVirtualMachines/zulu-11-x86.jdk/Contents/Home"/>
    <property name="file.separator" value="/"/>
    <property name="style.color" value="always"/>
    <property name="basedir" value="/Users/daehwa/Documents/git-repo/pjt_daejeon_9th_class5_final_team01/back-end"/>
    <property name="java.vm.compressedOopsMode" value="Zero based"/>
    <property name="line.separator" value="&#10;"/>
    <property name="java.specification.name" value="Java Platform API Specification"/>
    <property name="java.vm.specification.vendor" value="Oracle Corporation"/>
    <property name="jdk.vendor.version" value="Zulu11.64+19-CA"/>
    <property name="java.awt.graphicsenv" value="sun.awt.CGraphicsEnvironment"/>
    <property name="surefire.real.class.path" value="/Users/daehwa/Documents/git-repo/pjt_daejeon_9th_class5_final_team01/back-end/target/surefire/surefirebooter14195574795990407176.jar"/>
    <property name="sun.management.compiler" value="HotSpot 64-Bit Tiered Compilers"/>
    <property name="ftp.nonProxyHosts" value="local|*.local|169.254/16|*.169.254/16"/>
    <property name="java.runtime.version" value="11.0.19+7-LTS"/>
    <property name="user.name" value="daehwa"/>
    <property name="path.separator" value=":"/>
    <property name="os.version" value="13.4"/>
    <property name="java.runtime.name" value="OpenJDK Runtime Environment"/>
    <property name="file.encoding" value="UTF-8"/>
    <property name="java.vm.name" value="OpenJDK 64-Bit Server VM"/>
    <property name="java.vendor.version" value="Zulu11.64+19-CA"/>
    <property name="localRepository" value="/Users/daehwa/.m2/repository"/>
    <property name="java.vendor.url.bug" value="http://www.azul.com/support/"/>
    <property name="java.io.tmpdir" value="/var/folders/6t/61jgd9k96j9dd8d761yt0jdw0000gn/T/"/>
    <property name="java.version" value="11.0.19"/>
    <property name="user.dir" value="/Users/daehwa/Documents/git-repo/pjt_daejeon_9th_class5_final_team01/back-end"/>
    <property name="os.arch" value="x86_64"/>
    <property name="java.vm.specification.name" value="Java Virtual Machine Specification"/>
    <property name="java.awt.printerjob" value="sun.lwawt.macosx.CPrinterJob"/>
    <property name="sun.os.patch.level" value="unknown"/>
    <property name="java.library.path" value="/Users/daehwa/Library/Java/Extensions:/Library/Java/Extensions:/Network/Library/Java/Extensions:/System/Library/Java/Extensions:/usr/lib/java:."/>
    <property name="java.vm.info" value="mixed mode"/>
    <property name="java.vendor" value="Azul Systems, Inc."/>
    <property name="java.vm.version" value="11.0.19+7-LTS"/>
    <property name="sun.io.unicode.encoding" value="UnicodeBig"/>
    <property name="java.class.version" value="55.0"/>
    <property name="socksNonProxyHosts" value="local|*.local|169.254/16|*.169.254/16"/>
  </properties>
  <testcase name="contextLoads" classname="com.ssafy.CommuntripApplicationTests" time="0.293"/>
</testsuite>